<?xml version="1.0" encoding="UTF-8"?>
<!-- Generated by org.testng.reporters.JUnitReportReporter -->
<testsuite skipped="0" hostname="LAPTOP-CVG61BR7" name="flipkart.ListToSet" tests="1" failures="0" timestamp="17 Dec 2020 07:46:10 GMT" time="0.016" errors="0">
  <testcase name="convert" time="0.016" classname="flipkart.ListToSet"/>
</testsuite> <!-- flipkart.ListToSet -->
