<?xml version="1.0" encoding="UTF-8"?>
<!-- Generated by org.testng.reporters.JUnitReportReporter -->
<testsuite skipped="0" hostname="LAPTOP-CVG61BR7" name="farzoneAssignment.printLength" tests="1" failures="0" timestamp="10 Dec 2020 12:08:57 GMT" time="0.097" errors="0">
  <testcase name="printNameWithA" time="0.097" classname="farzoneAssignment.printLength"/>
</testsuite> <!-- farzoneAssignment.printLength -->
