<?xml version="1.0" encoding="UTF-8"?>
<!-- Generated by org.testng.reporters.JUnitReportReporter -->
<testsuite skipped="0" hostname="LAPTOP-CVG61BR7" name="flipkart.StringPractice" tests="2" failures="0" timestamp="10 Dec 2020 10:55:47 GMT" time="0.015" errors="0">
  <testcase name="practiceString" time="0.012" classname="flipkart.StringPractice"/>
  <testcase name="printDupString" time="0.003" classname="flipkart.StringPractice"/>
</testsuite> <!-- flipkart.StringPractice -->
