<?xml version="1.0" encoding="UTF-8"?>
<!-- Generated by org.testng.reporters.JUnitReportReporter -->
<testsuite skipped="0" hostname="LAPTOP-CVG61BR7" name="interviewQuestion.ValidateAscendingOrder" tests="1" failures="0" timestamp="21 Dec 2020 08:29:28 GMT" time="18.035" errors="0">
  <testcase name="validateTheList" time="18.035" classname="interviewQuestion.ValidateAscendingOrder"/>
</testsuite> <!-- interviewQuestion.ValidateAscendingOrder -->
