<?xml version="1.0" encoding="UTF-8"?>
<!-- Generated by org.testng.reporters.JUnitReportReporter -->
<testsuite skipped="0" hostname="LAPTOP-CVG61BR7" name="flipkart.FilterName" tests="1" failures="0" timestamp="17 Dec 2020 07:41:38 GMT" time="0.081" errors="0">
  <testcase name="filter_Name_From_List" time="0.081" classname="flipkart.FilterName"/>
</testsuite> <!-- flipkart.FilterName -->
