<?xml version="1.0" encoding="UTF-8"?>
<!-- Generated by org.testng.reporters.JUnitReportReporter -->
<testsuite skipped="0" hostname="LAPTOP-CVG61BR7" name="hashMapImplementation.HashMapMethodsDemo" tests="1" failures="0" timestamp="21 Dec 2020 11:39:30 GMT" time="0.083" errors="0">
  <testcase name="hashMap_methods_Implementation" time="0.083" classname="hashMapImplementation.HashMapMethodsDemo"/>
</testsuite> <!-- hashMapImplementation.HashMapMethodsDemo -->
