<?xml version="1.0" encoding="UTF-8"?>
<!-- Generated by org.testng.reporters.JUnitReportReporter -->
<testsuite skipped="0" hostname="LAPTOP-CVG61BR7" name="hashMapImplementation.IteratorOfHashMap" tests="1" failures="0" timestamp="22 Dec 2020 06:33:01 GMT" time="0.098" errors="0">
  <testcase name="iterationOfHashMap" time="0.098" classname="hashMapImplementation.IteratorOfHashMap"/>
</testsuite> <!-- hashMapImplementation.IteratorOfHashMap -->
