<?xml version="1.0" encoding="UTF-8"?>
<!-- Generated by org.testng.reporters.JUnitReportReporter -->
<testsuite skipped="0" hostname="LAPTOP-CVG61BR7" name="hashMapImplementation.NumberOfChar" tests="1" failures="0" timestamp="21 Dec 2020 13:44:46 GMT" time="0.094" errors="0">
  <testcase name="find_number_of_character" time="0.094" classname="hashMapImplementation.NumberOfChar"/>
</testsuite> <!-- hashMapImplementation.NumberOfChar -->
