<?xml version="1.0" encoding="UTF-8"?>
<!-- Generated by org.testng.reporters.JUnitReportReporter -->
<testsuite skipped="0" hostname="LAPTOP-CVG61BR7" name="map.MapDemo" tests="1" failures="0" timestamp="17 Dec 2020 08:03:43 GMT" time="0.017" errors="0">
  <testcase name="hashMap" time="0.017" classname="map.MapDemo"/>
</testsuite> <!-- map.MapDemo -->
