<?xml version="1.0" encoding="UTF-8"?>
<!-- Generated by org.testng.reporters.JUnitReportReporter -->
<testsuite skipped="0" hostname="LAPTOP-CVG61BR7" name="setDemo.SetPractice" tests="1" failures="0" timestamp="17 Dec 2020 08:17:58 GMT" time="0.106" errors="0">
  <testcase name="setExample" time="0.106" classname="setDemo.SetPractice"/>
</testsuite> <!-- setDemo.SetPractice -->
