<?xml version="1.0" encoding="UTF-8"?>
<!-- Generated by org.testng.reporters.JUnitReportReporter -->
<testsuite skipped="0" hostname="LAPTOP-CVG61BR7" name="nehaAssessment.StringQuestion" tests="2" failures="0" timestamp="17 Dec 2020 08:17:05 GMT" time="0.015" errors="0">
  <testcase name="addToLastString" time="0.012" classname="nehaAssessment.StringQuestion"/>
  <testcase name="printLastChar" time="0.003" classname="nehaAssessment.StringQuestion"/>
</testsuite> <!-- nehaAssessment.StringQuestion -->
