<?xml version="1.0" encoding="UTF-8"?>
<!-- Generated by org.testng.reporters.JUnitReportReporter -->
<testsuite skipped="0" hostname="LAPTOP-CVG61BR7" name="mostFrequentStringQuestion.removeDuplChar" tests="1" failures="0" timestamp="17 Dec 2020 07:36:35 GMT" time="0.013" errors="0">
  <testcase name="removDuplicateChar" time="0.013" classname="mostFrequentStringQuestion.removeDuplChar"/>
</testsuite> <!-- mostFrequentStringQuestion.removeDuplChar -->
