<?xml version="1.0" encoding="UTF-8"?>
<!-- Generated by org.testng.reporters.JUnitReportReporter -->
<testsuite skipped="0" hostname="LAPTOP-CVG61BR7" name="mostFrequentStringQuestion.CompareString" tests="1" failures="0" timestamp="15 Dec 2020 12:52:03 GMT" time="0.020" errors="0">
  <testcase name="compTwoString" time="0.020" classname="mostFrequentStringQuestion.CompareString"/>
</testsuite> <!-- mostFrequentStringQuestion.CompareString -->
