<?xml version="1.0" encoding="UTF-8"?>
<!-- Generated by org.testng.reporters.JUnitReportReporter -->
<testsuite skipped="0" hostname="LAPTOP-CVG61BR7" name="stringManipulation.ReverseString" tests="1" failures="0" timestamp="02 Dec 2020 14:01:59 GMT" time="0.022" errors="0">
  <testcase name="sortingList" time="0.022" classname="stringManipulation.ReverseString"/>
</testsuite> <!-- stringManipulation.ReverseString -->
