<?xml version="1.0" encoding="UTF-8"?>
<!-- Generated by org.testng.reporters.JUnitReportReporter -->
<testsuite skipped="0" hostname="LAPTOP-CVG61BR7" name="mapEntry.MapEntryDemo" tests="1" failures="0" timestamp="01 Dec 2020 12:38:13 GMT" time="0.017" errors="0">
  <testcase name="MapEntry" time="0.017" classname="mapEntry.MapEntryDemo"/>
</testsuite> <!-- mapEntry.MapEntryDemo -->
