<?xml version="1.0" encoding="UTF-8"?>
<!-- Generated by org.testng.reporters.JUnitReportReporter -->
<testsuite skipped="0" hostname="LAPTOP-CVG61BR7" name="mostFrequentStringQuestion.PrintDupChar" tests="1" failures="0" timestamp="16 Dec 2020 13:21:05 GMT" time="0.016" errors="0">
  <testcase name="printDuplicateCharacter" time="0.016" classname="mostFrequentStringQuestion.PrintDupChar"/>
</testsuite> <!-- mostFrequentStringQuestion.PrintDupChar -->
