<?xml version="1.0" encoding="UTF-8"?>
<!-- Generated by org.testng.reporters.JUnitReportReporter -->
<testsuite skipped="0" hostname="LAPTOP-CVG61BR7" name="listDemo.ListPractice" tests="1" failures="0" timestamp="17 Dec 2020 08:03:13 GMT" time="0.017" errors="0">
  <testcase name="ListExample" time="0.017" classname="listDemo.ListPractice"/>
</testsuite> <!-- listDemo.ListPractice -->
