<?xml version="1.0" encoding="UTF-8"?>
<!-- Generated by org.testng.reporters.JUnitReportReporter -->
<testsuite skipped="0" hostname="LAPTOP-CVG61BR7" name="linkedHashSet.LinkedHashSetExample" tests="1" failures="0" timestamp="17 Dec 2020 08:02:16 GMT" time="0.013" errors="0">
  <testcase name="duplicateRemoval" time="0.013" classname="linkedHashSet.LinkedHashSetExample"/>
</testsuite> <!-- linkedHashSet.LinkedHashSetExample -->
